2016-12-16T06:23:39.555Z - normal: Load ~/.CocosCreator/settings.json
2016-12-16T06:23:39.577Z - normal: checking language setting...
2016-12-16T06:23:39.577Z - normal: Language: zh
2016-12-16T06:23:39.632Z - success: protocol editor-framework registered
2016-12-16T06:23:39.633Z - success: protocol app registered
2016-12-16T06:23:39.633Z - success: protocol packages registered
2016-12-16T06:23:39.633Z - success: protocol theme registered
2016-12-16T06:23:39.633Z - success: protocol unpack registerred
2016-12-16T06:23:39.739Z - normal: connected!
2016-12-16T06:23:39.742Z - normal: Check project /Users/mac/mateTestFB/temp
2016-12-16T06:23:39.745Z - normal: Initializing Cocos Creator Editor
2016-12-16T06:23:40.214Z - normal: Initializing Cocos2d
2016-12-16T06:23:40.368Z - normal: Initializing Asset Database
2016-12-16T06:23:40.399Z - success: protocol uuid registerred
2016-12-16T06:23:40.400Z - success: protocol db registerred
2016-12-16T06:23:40.400Z - success: protocol thumbnail registerred
2016-12-16T06:23:40.400Z - normal: Loading editor/builtin packages
2016-12-16T06:23:40.554Z - success: assets loaded
2016-12-16T06:23:40.558Z - success: builder loaded
2016-12-16T06:23:40.563Z - success: hierarchy loaded
2016-12-16T06:23:40.567Z - success: inspector loaded
2016-12-16T06:23:40.577Z - success: keystore loaded
2016-12-16T06:23:40.582Z - success: node-library loaded
2016-12-16T06:23:40.587Z - success: preferences loaded
2016-12-16T06:23:40.605Z - success: project-importer loaded
2016-12-16T06:23:40.608Z - success: project-settings loaded
2016-12-16T06:23:40.617Z - success: ui-kit loaded
2016-12-16T06:23:40.627Z - success: ui-grid loaded
2016-12-16T06:23:40.632Z - success: scene loaded
2016-12-16T06:23:40.633Z - success: sprite-editor loaded
2016-12-16T06:23:40.641Z - success: timeline loaded
2016-12-16T06:23:40.642Z - normal: Loading builtin packages
2016-12-16T06:23:40.647Z - success: asset-db-debugger loaded
2016-12-16T06:23:40.648Z - success: code-editor loaded
2016-12-16T06:23:40.671Z - success: color-picker loaded
2016-12-16T06:23:40.676Z - success: console loaded
2016-12-16T06:23:40.680Z - success: package-manager loaded
2016-12-16T06:23:40.684Z - success: tester loaded
2016-12-16T06:23:40.688Z - success: ui-kit-preview-extra loaded
2016-12-16T06:23:40.693Z - success: ui-kit-preview loaded
2016-12-16T06:23:40.696Z - success: ui-tree loaded
2016-12-16T06:23:40.729Z - normal: Initializing project /Users/mac/mateTestFB/temp
2016-12-16T06:23:40.743Z - normal: Loading packages
2016-12-16T06:23:40.748Z - normal: Watching packages
2016-12-16T06:23:40.761Z - normal: Run Application
2016-12-16T06:23:41.873Z - success: preview server running at http://localhost:7456
2016-12-16T06:23:46.285Z - normal: 1.3.2
2016-12-16T06:23:46.621Z - warn: Can not find script "280c3aec-6492-4a9d-9f51-a9b00b570b4a"
2016-12-16T06:23:46.628Z - error: Error: Can not get asset url by uuid "c4a8873d-60f5-4618-b44b-b9b107915c92", the asset may be deleted.
    at /Applications/CocosCreator 2.app/Contents/Resources/engine/cocos2d/core/platform/CCAssetLibrary.js:128:30
    at EventEmitter.<anonymous> (/Applications/CocosCreator 2.app/Contents/Resources/app.asar/editor-framework/lib/renderer/ipc.js:1:5427)
    at emitTwo (events.js:106:13)
    at EventEmitter.emit (events.js:191:7)
